0 info it worked if it ends with ok
1 verbose cli [ '/usr/local/bin/node', '/usr/local/bin/npm', 'publish' ]
2 info using npm@3.5.3
3 info using node@v4.2.4
4 verbose publish [ '.' ]
5 silly cache add args [ '.', null ]
6 verbose cache add spec .
7 silly cache add parsed spec Result {
7 silly cache add   raw: '.',
7 silly cache add   scope: null,
7 silly cache add   name: null,
7 silly cache add   rawSpec: '.',
7 silly cache add   spec: '/Users/feizheng/github/next-js-core',
7 silly cache add   type: 'directory' }
8 verbose addLocalDirectory /Users/feizheng/.npm/next-js-core/1.0.3/package.tgz not in flight; packing
9 info lifecycle next-js-core@1.0.3~prepublish: next-js-core@1.0.3
10 silly lifecycle next-js-core@1.0.3~prepublish: no script for prepublish, continuing
11 verbose tar pack [ '/Users/feizheng/.npm/next-js-core/1.0.3/package.tgz',
11 verbose tar pack   '/Users/feizheng/github/next-js-core' ]
12 verbose tarball /Users/feizheng/.npm/next-js-core/1.0.3/package.tgz
13 verbose folder /Users/feizheng/github/next-js-core
14 verbose addLocalTarball adding from inside cache /Users/feizheng/.npm/next-js-core/1.0.3/package.tgz
15 silly cache afterAdd next-js-core@1.0.3
16 verbose afterAdd /Users/feizheng/.npm/next-js-core/1.0.3/package/package.json not in flight; writing
17 verbose afterAdd /Users/feizheng/.npm/next-js-core/1.0.3/package/package.json written
18 silly publish { name: 'next-js-core',
18 silly publish   version: '1.0.3',
18 silly publish   description: 'A javascript oop toolkit.',
18 silly publish   main: 'gulpfile.js',
18 silly publish   directories: { src: 'src', example: 'example', test: 'test' },
18 silly publish   scripts: { test: 'echo "Error: no test specified" && exit 1' },
18 silly publish   repository:
18 silly publish    { type: 'git',
18 silly publish      url: 'git+https://github.com/afeiship/next-js-core.git' },
18 silly publish   keywords: [ 'oop' ],
18 silly publish   files: [ 'dist/next-js-core.js', 'dist/next-js-core.min.js' ],
18 silly publish   author: { name: 'afei' },
18 silly publish   license: 'MIT',
18 silly publish   devDependencies:
18 silly publish    { del: '^2.2.0',
18 silly publish      gulp: '^3.9.1',
18 silly publish      'gulp-concat': '^2.6.0',
18 silly publish      'gulp-filter': '^3.0.1',
18 silly publish      'gulp-rename': '^1.2.2',
18 silly publish      'gulp-uglify': '^1.5.1' },
18 silly publish   bugs: { url: 'https://github.com/afeiship/next-js-core/issues' },
18 silly publish   homepage: 'https://github.com/afeiship/next-js-core#readme',
18 silly publish   readme: '#nx-js-core\n##Homepage:\n+ http://afeiship.github.io/next-js-core/\n\n##Feature list:\n+ Keywords:methods/statics/properties\n+ Feature:property/method extends(extend)/mixins/\n+ Namespace support\n\n##Log：\n+ [2015-05-25]:init base & oop.\n+ [2015-11-01]:refactor,support ie7+/w3c browser.\n\n##Know issues：\n+ Remove events.\n\n##New feature：\n+ Normalize static/statics/property/init and other concept.\n\n##build\n+ cd build\n+ npm install\n+ grunt --force\n\n##Bug issue:\n+ this.base() will invalid in \'use strict\' mode.(use this.$base.xxMethods() instead)\n',
18 silly publish   readmeFilename: 'README.md',
18 silly publish   gitHead: 'a640702da5361eeb8f494b5b8bd920709888647b',
18 silly publish   _id: 'next-js-core@1.0.3',
18 silly publish   _shasum: '402c47b041dee9eda49f0e1d0d6b01b7d8e69bd3',
18 silly publish   _from: '.' }
19 verbose getPublishConfig undefined
20 silly mapToRegistry name next-js-core
21 silly mapToRegistry using default registry
22 silly mapToRegistry registry https://registry.npmjs.org/
23 silly mapToRegistry uri https://registry.npmjs.org/next-js-core
24 verbose publish registryBase https://registry.npmjs.org/
25 silly publish uploading /Users/feizheng/.npm/next-js-core/1.0.3/package.tgz
26 verbose request uri https://registry.npmjs.org/next-js-core
27 verbose request sending authorization for write operation
28 info attempt registry request try #1 at 9:38:28 AM
29 verbose request using bearer token for auth
30 verbose request id 1a3d282884facef5
31 http request PUT https://registry.npmjs.org/next-js-core
32 http 403 https://registry.npmjs.org/next-js-core
33 verbose headers { 'content-type': 'application/json',
33 verbose headers   'cache-control': 'max-age=300',
33 verbose headers   'content-length': '95',
33 verbose headers   'accept-ranges': 'bytes',
33 verbose headers   date: 'Thu, 25 Feb 2016 01:38:29 GMT',
33 verbose headers   via: '1.1 varnish',
33 verbose headers   connection: 'keep-alive',
33 verbose headers   'x-served-by': 'cache-lcy1129-LCY',
33 verbose headers   'x-cache': 'MISS',
33 verbose headers   'x-cache-hits': '0',
33 verbose headers   'x-timer': 'S1456364308.803088,VS0,VE994' }
34 verbose request invalidating /Users/feizheng/.npm/registry.npmjs.org/next-js-core on PUT
35 error publish Failed PUT 403
36 verbose stack Error: "You cannot publish over the previously published version 1.0.3." : next-js-core
36 verbose stack     at makeError (/usr/local/lib/node_modules/npm/node_modules/npm-registry-client/lib/request.js:264:12)
36 verbose stack     at CachingRegistryClient.<anonymous> (/usr/local/lib/node_modules/npm/node_modules/npm-registry-client/lib/request.js:252:14)
36 verbose stack     at Request._callback (/usr/local/lib/node_modules/npm/node_modules/npm-registry-client/lib/request.js:172:14)
36 verbose stack     at Request.self.callback (/usr/local/lib/node_modules/npm/node_modules/request/request.js:198:22)
36 verbose stack     at emitTwo (events.js:87:13)
36 verbose stack     at Request.emit (events.js:172:7)
36 verbose stack     at Request.<anonymous> (/usr/local/lib/node_modules/npm/node_modules/request/request.js:1035:10)
36 verbose stack     at emitOne (events.js:82:20)
36 verbose stack     at Request.emit (events.js:169:7)
36 verbose stack     at IncomingMessage.<anonymous> (/usr/local/lib/node_modules/npm/node_modules/request/request.js:962:12)
37 verbose statusCode 403
38 verbose pkgid next-js-core
39 verbose cwd /Users/feizheng/github/next-js-core
40 error Darwin 14.5.0
41 error argv "/usr/local/bin/node" "/usr/local/bin/npm" "publish"
42 error node v4.2.4
43 error npm  v3.5.3
44 error code E403
45 error "You cannot publish over the previously published version 1.0.3." : next-js-core
46 error If you need help, you may report this error at:
46 error     <https://github.com/npm/npm/issues>
47 verbose exit [ 1, true ]
